# JRE version: Java(TM) SE Runtime Environment (8.0_241-b07) (build 1.8.0_241-b07)
# Java VM: Java HotSpot(TM) 64-Bit Server VM (25.241-b07 mixed mode windows-amd64 compressed oops)
Heap:
 PSYoungGen      total 307712K, used 192375K [0x00000000eb200000, 0x00000000ff580000, 0x0000000100000000)
  eden space 305152K, 62% used [0x00000000eb200000,0x00000000f6bbdde0,0x00000000fdc00000)
  from space 2560K, 85% used [0x00000000fea00000,0x00000000fec20010,0x00000000fec80000)
  to   space 9216K, 0% used [0x00000000fec80000,0x00000000fec80000,0x00000000ff580000)
 ParOldGen       total 55296K, used 23583K [0x00000000c1600000, 0x00000000c4c00000, 0x00000000eb200000)
  object space 55296K, 42% used [0x00000000c1600000,0x00000000c2d07e90,0x00000000c4c00000)
 Metaspace       used 36544K, capacity 38524K, committed 38784K, reserved 1083392K
  class space    used 4604K, capacity 4935K, committed 4992K, reserved 1048576K
GC Heap History (10 events):
Event: 78.896 GC heap before
{Heap before GC invocations=15 (full 2):
 PSYoungGen      total 268800K, used 261836K [0x00000000eb200000, 0x00000000fd780000, 0x0000000100000000)
  eden space 257024K, 100% used [0x00000000eb200000,0x00000000fad00000,0x00000000fad00000)
  from space 11776K, 40% used [0x00000000fb800000,0x00000000fbcb3358,0x00000000fc380000)
  to   space 11264K, 0% used [0x00000000fad00000,0x00000000fad00000,0x00000000fb800000)
 ParOldGen       total 55296K, used 21488K [0x00000000c1600000, 0x00000000c4c00000, 0x00000000eb200000)
  object space 55296K, 38% used [0x00000000c1600000,0x00000000c2afc150,0x00000000c4c00000)
 Metaspace       used 36544K, capacity 38524K, committed 38784K, reserved 1083392K
  class space    used 4604K, capacity 4935K, committed 4992K, reserved 1048576K
Event: 78.907 GC heap after
Heap after GC invocations=15 (full 2):
 PSYoungGen      total 268288K, used 2208K [0x00000000eb200000, 0x00000000fff80000, 0x0000000100000000)
  eden space 257024K, 0% used [0x00000000eb200000,0x00000000eb200000,0x00000000fad00000)
  from space 11264K, 19% used [0x00000000fad00000,0x00000000faf28010,0x00000000fb800000)
  to   space 11264K, 0% used [0x00000000ff480000,0x00000000ff480000,0x00000000fff80000)
 ParOldGen       total 55296K, used 23551K [0x00000000c1600000, 0x00000000c4c00000, 0x00000000eb200000)
  object space 55296K, 42% used [0x00000000c1600000,0x00000000c2cffe90,0x00000000c4c00000)
 Metaspace       used 36544K, capacity 38524K, committed 38784K, reserved 1083392K
  class space    used 4604K, capacity 4935K, committed 4992K, reserved 1048576K
}
Event: 119.631 GC heap before
{Heap before GC invocations=16 (full 2):
 PSYoungGen      total 268288K, used 259232K [0x00000000eb200000, 0x00000000fff80000, 0x0000000100000000)
  eden space 257024K, 100% used [0x00000000eb200000,0x00000000fad00000,0x00000000fad00000)
  from space 11264K, 19% used [0x00000000fad00000,0x00000000faf28010,0x00000000fb800000)
  to   space 11264K, 0% used [0x00000000ff480000,0x00000000ff480000,0x00000000fff80000)
 ParOldGen       total 55296K, used 23551K [0x00000000c1600000, 0x00000000c4c00000, 0x00000000eb200000)
  object space 55296K, 42% used [0x00000000c1600000,0x00000000c2cffe90,0x00000000c4c00000)
 Metaspace       used 36544K, capacity 38524K, committed 38784K, reserved 1083392K
  class space    used 4604K, capacity 4935K, committed 4992K, reserved 1048576K
Event: 119.634 GC heap after
Heap after GC invocations=16 (full 2):
 PSYoungGen      total 330240K, used 1248K [0x00000000eb200000, 0x0000000100000000, 0x0000000100000000)
  eden space 318976K, 0% used [0x00000000eb200000,0x00000000eb200000,0x00000000fe980000)
  from space 11264K, 11% used [0x00000000ff480000,0x00000000ff5b8000,0x00000000fff80000)
  to   space 11264K, 0% used [0x00000000fe980000,0x00000000fe980000,0x00000000ff480000)
 ParOldGen       total 55296K, used 23575K [0x00000000c1600000, 0x00000000c4c00000, 0x00000000eb200000)
  object space 55296K, 42% used [0x00000000c1600000,0x00000000c2d05e90,0x00000000c4c00000)
 Metaspace       used 36544K, capacity 38524K, committed 38784K, reserved 1083392K
  class space    used 4604K, capacity 4935K, committed 4992K, reserved 1048576K
}
Event: 170.412 GC heap before
{Heap before GC invocations=17 (full 2):
 PSYoungGen      total 330240K, used 320224K [0x00000000eb200000, 0x0000000100000000, 0x0000000100000000)
  eden space 318976K, 100% used [0x00000000eb200000,0x00000000fe980000,0x00000000fe980000)
  from space 11264K, 11% used [0x00000000ff480000,0x00000000ff5b8000,0x00000000fff80000)
  to   space 11264K, 0% used [0x00000000fe980000,0x00000000fe980000,0x00000000ff480000)
 ParOldGen       total 55296K, used 23575K [0x00000000c1600000, 0x00000000c4c00000, 0x00000000eb200000)
  object space 55296K, 42% used [0x00000000c1600000,0x00000000c2d05e90,0x00000000c4c00000)
 Metaspace       used 36544K, capacity 38524K, committed 38784K, reserved 1083392K
  class space    used 4604K, capacity 4935K, committed 4992K, reserved 1048576K
Event: 170.416 GC heap after
Heap after GC invocations=17 (full 2):
 PSYoungGen      total 330240K, used 2176K [0x00000000eb200000, 0x0000000100000000, 0x0000000100000000)
  eden space 318976K, 0% used [0x00000000eb200000,0x00000000eb200000,0x00000000fe980000)
  from space 11264K, 19% used [0x00000000fe980000,0x00000000feba0010,0x00000000ff480000)
  to   space 11264K, 0% used [0x00000000ff500000,0x00000000ff500000,0x0000000100000000)
 ParOldGen       total 55296K, used 23583K [0x00000000c1600000, 0x00000000c4c00000, 0x00000000eb200000)
  object space 55296K, 42% used [0x00000000c1600000,0x00000000c2d07e90,0x00000000c4c00000)
 Metaspace       used 36544K, capacity 38524K, committed 38784K, reserved 1083392K
  class space    used 4604K, capacity 4935K, committed 4992K, reserved 1048576K
}
Event: 221.904 GC heap before
{Heap before GC invocations=18 (full 2):
 PSYoungGen      total 330240K, used 321152K [0x00000000eb200000, 0x0000000100000000, 0x0000000100000000)
  eden space 318976K, 100% used [0x00000000eb200000,0x00000000fe980000,0x00000000fe980000)
  from space 11264K, 19% used [0x00000000fe980000,0x00000000feba0010,0x00000000ff480000)
  to   space 11264K, 0% used [0x00000000ff500000,0x00000000ff500000,0x0000000100000000)
 ParOldGen       total 55296K, used 23583K [0x00000000c1600000, 0x00000000c4c00000, 0x00000000eb200000)
  object space 55296K, 42% used [0x00000000c1600000,0x00000000c2d07e90,0x00000000c4c00000)
 Metaspace       used 36544K, capacity 38524K, committed 38784K, reserved 1083392K
  class space    used 4604K, capacity 4935K, committed 4992K, reserved 1048576K
Event: 221.906 GC heap after
Heap after GC invocations=18 (full 2):
 PSYoungGen      total 330752K, used 1376K [0x00000000eb200000, 0x0000000100000000, 0x0000000100000000)
  eden space 319488K, 0% used [0x00000000eb200000,0x00000000eb200000,0x00000000fea00000)
  from space 11264K, 12% used [0x00000000ff500000,0x00000000ff658010,0x0000000100000000)
  to   space 11264K, 0% used [0x00000000fea00000,0x00000000fea00000,0x00000000ff500000)
 ParOldGen       total 55296K, used 23583K [0x00000000c1600000, 0x00000000c4c00000, 0x00000000eb200000)
  object space 55296K, 42% used [0x00000000c1600000,0x00000000c2d07e90,0x00000000c4c00000)
 Metaspace       used 36544K, capacity 38524K, committed 38784K, reserved 1083392K
  class space    used 4604K, capacity 4935K, committed 4992K, reserved 1048576K
}
Event: 272.819 GC heap before
{Heap before GC invocations=19 (full 2):
 PSYoungGen      total 330752K, used 320864K [0x00000000eb200000, 0x0000000100000000, 0x0000000100000000)
  eden space 319488K, 100% used [0x00000000eb200000,0x00000000fea00000,0x00000000fea00000)
  from space 11264K, 12% used [0x00000000ff500000,0x00000000ff658010,0x0000000100000000)
  to   space 11264K, 0% used [0x00000000fea00000,0x00000000fea00000,0x00000000ff500000)
 ParOldGen       total 55296K, used 23583K [0x00000000c1600000, 0x00000000c4c00000, 0x00000000eb200000)
  object space 55296K, 42% used [0x00000000c1600000,0x00000000c2d07e90,0x00000000c4c00000)
 Metaspace       used 36544K, capacity 38524K, committed 38784K, reserved 1083392K
  class space    used 4604K, capacity 4935K, committed 4992K, reserved 1048576K
Event: 272.822 GC heap after
Heap after GC invocations=19 (full 2):
 PSYoungGen      total 307712K, used 2176K [0x00000000eb200000, 0x00000000ff580000, 0x0000000100000000)
  eden space 305152K, 0% used [0x00000000eb200000,0x00000000eb200000,0x00000000fdc00000)
  from space 2560K, 85% used [0x00000000fea00000,0x00000000fec20010,0x00000000fec80000)
  to   space 9216K, 0% used [0x00000000fec80000,0x00000000fec80000,0x00000000ff580000)
 ParOldGen       total 55296K, used 23583K [0x00000000c1600000, 0x00000000c4c00000, 0x00000000eb200000)
  object space 55296K, 42% used [0x00000000c1600000,0x00000000c2d07e90,0x00000000c4c00000)
 Metaspace       used 36544K, capacity 38524K, committed 38784K, reserved 1083392K
  class space    used 4604K, capacity 4935K, committed 4992K, reserved 1048576K
}

